[2025-09-12 11:49:41] Preparing to send email to: erlangga.prio@elfabijayautama.com
[2025-09-12 11:49:41] Subject: [Website] Pesan Baru dari Muhammad Ridho Bareng
[2025-09-12 11:49:42] Email sent successfully using mail() to: erlangga.prio@elfabijayautama.com
[2025-09-12 11:49:52] Preparing to send email to: erlangga.prio@elfabijayautama.com
[2025-09-12 11:49:52] Subject: [Website] Pesan Baru dari Muhammad Ridho Bareng
[2025-09-12 11:49:52] Email sent successfully using mail() to: erlangga.prio@elfabijayautama.com
[2025-09-12 11:50:35] Preparing to send email to: erlangga.prio@elfabijayautama.com
[2025-09-12 11:50:35] Subject: [Website] Pesan Baru dari Muhammad Ridho Bareng
[2025-09-12 11:50:35] Email sent successfully using mail() to: erlangga.prio@elfabijayautama.com
[2025-09-12 11:51:24] Preparing to send email to: erlangga.prio@elfabijayautama.com
[2025-09-12 11:51:24] Subject: [Website] Pesan Baru dari Nama
[2025-09-12 11:51:24] Email sent successfully using mail() to: erlangga.prio@elfabijayautama.com
[2025-09-12 11:51:33] Preparing to send email to: erlangga.prio@elfabijayautama.com
[2025-09-12 11:51:33] Subject: [Website] Pesan Baru dari Nama
[2025-09-12 11:51:33] Email sent successfully using mail() to: erlangga.prio@elfabijayautama.com
[2025-09-12 11:52:22] Preparing to send email to: erlangga.prio@elfabijayautama.com
[2025-09-12 11:52:22] Subject: [Website] Pesan Baru dari Muhammad Ridho Bareng
[2025-09-12 11:52:22] Email sent successfully using mail() to: erlangga.prio@elfabijayautama.com
[2025-09-12 11:52:49] Preparing to send email to: erlangga.prio@elfabijayautama.com
[2025-09-12 11:52:49] Subject: [Website] Pesan Baru dari alisukabapak
[2025-09-12 11:52:50] Email sent successfully using mail() to: erlangga.prio@elfabijayautama.com
[2025-09-12 11:57:05] Preparing to send email to: erlangga.prio@elfabijayautama.com
[2025-09-12 11:57:05] Subject: [Website] Pesan Baru dari Rama
[2025-09-12 11:57:06] Email sent successfully using mail() to: erlangga.prio@elfabijayautama.com
[2025-09-12 11:58:50] Preparing to send email to: erlangga.prio@elfabijayautama.com
[2025-09-12 11:58:50] Subject: [Website] Pesan Baru dari Aku
[2025-09-12 11:58:50] Email sent successfully using mail() to: erlangga.prio@elfabijayautama.com
[2025-09-12 12:06:06] Preparing to send email to: erlangga.prio@elfabijayautama.com
[2025-09-12 12:06:06] Subject: [Website] Pesan Baru dari Muhammad Ridho Bareng
[2025-09-12 12:06:06] Email sent successfully using mail() to: erlangga.prio@elfabijayautama.com
[2025-09-12 14:41:49] Preparing to send email to: erlangga.prio@elfabijayautama.com
[2025-09-12 14:41:49] Subject: [Website] Pesan Baru dari beby elang
[2025-09-12 14:41:50] Email sent successfully using mail() to: erlangga.prio@elfabijayautama.com
[2025-09-13 01:49:02] Preparing to send email to: erlangga.prio@elfabijayautama.com
[2025-09-13 01:49:02] Subject: [Website] Pesan Baru dari Sharma
[2025-09-13 01:49:02] Email sent successfully using mail() to: erlangga.prio@elfabijayautama.com
[2025-09-13 03:41:35] Preparing to send email to: erlangga.prio@elfabijayautama.com
[2025-09-13 03:41:35] Subject: [Website] Pesan Baru dari Sharma
[2025-09-13 03:41:35] Email sent successfully using mail() to: erlangga.prio@elfabijayautama.com
[2025-09-13 04:41:00] Preparing to send email to: erlangga.prio@elfabijayautama.com
[2025-09-13 04:41:00] Subject: [Website] Pesan Baru dari Sharma
[2025-09-13 04:41:00] Email sent successfully using mail() to: erlangga.prio@elfabijayautama.com
[2025-09-14 04:57:26] Preparing to send email to: erlangga.prio@elfabijayautama.com
[2025-09-14 04:57:26] Subject: [Website] Pesan Baru dari Search Index
[2025-09-14 04:57:26] Email sent successfully using mail() to: erlangga.prio@elfabijayautama.com
[2025-09-14 15:00:59] Preparing to send email to: erlangga.prio@elfabijayautama.com
[2025-09-14 15:00:59] Subject: [Website] Pesan Baru dari Search Index
[2025-09-14 15:01:00] Email sent successfully using mail() to: erlangga.prio@elfabijayautama.com
[2025-09-14 16:39:51] Preparing to send email to: erlangga.prio@elfabijayautama.com
[2025-09-14 16:39:51] Subject: [Website] Pesan Baru dari Search Index
[2025-09-14 16:39:52] Email sent successfully using mail() to: erlangga.prio@elfabijayautama.com
[2025-09-15 03:14:54] Preparing to send email to: erlangga.prio@elfabijayautama.com
[2025-09-15 03:14:54] Subject: [Website] Pesan Baru dari Search Index
[2025-09-15 03:14:54] Email sent successfully using mail() to: erlangga.prio@elfabijayautama.com
[2025-09-15 03:45:49] Preparing to send email to: erlangga.prio@elfabijayautama.com
[2025-09-15 03:45:49] Subject: [Website] Pesan Baru dari Search Index
[2025-09-15 03:45:49] Email sent successfully using mail() to: erlangga.prio@elfabijayautama.com
[2025-09-15 06:33:40] Preparing to send email to: erlangga.prio@elfabijayautama.com
[2025-09-15 06:33:40] Subject: [Website] Pesan Baru dari Search Index
[2025-09-15 06:33:40] Email sent successfully using mail() to: erlangga.prio@elfabijayautama.com
[2025-09-15 07:51:38] Preparing to send email to: erlangga.prio@elfabijayautama.com
[2025-09-15 07:51:38] Subject: [Website] Pesan Baru dari Search Index
[2025-09-15 07:51:39] Email sent successfully using mail() to: erlangga.prio@elfabijayautama.com
[2025-09-16 01:55:31] Preparing to send email to: erlangga.prio@elfabijayautama.com
[2025-09-16 01:55:31] Subject: [Website] Pesan Baru dari Search Index
[2025-09-16 01:55:31] Email sent successfully using mail() to: erlangga.prio@elfabijayautama.com
[2025-09-16 03:15:36] Preparing to send email to: erlangga.prio@elfabijayautama.com
[2025-09-16 03:15:36] Subject: [Website] Pesan Baru dari Search Index
[2025-09-16 03:15:36] Email sent successfully using mail() to: erlangga.prio@elfabijayautama.com
[2025-09-16 04:58:30] Preparing to send email to: erlangga.prio@elfabijayautama.com
[2025-09-16 04:58:30] Subject: [Website] Pesan Baru dari Search Index
[2025-09-16 04:58:30] Email sent successfully using mail() to: erlangga.prio@elfabijayautama.com
[2025-09-16 06:50:53] Preparing to send email to: erlangga.prio@elfabijayautama.com
[2025-09-16 06:50:53] Subject: [Website] Pesan Baru dari Search Index
[2025-09-16 06:50:53] Email sent successfully using mail() to: erlangga.prio@elfabijayautama.com
[2025-09-16 10:34:54] Preparing to send email to: erlangga.prio@elfabijayautama.com
[2025-09-16 10:34:54] Subject: [Website] Pesan Baru dari Muhammad Ridho Bareng
[2025-09-16 10:34:54] Email sent successfully using mail() to: erlangga.prio@elfabijayautama.com
[2025-09-16 15:07:35] Preparing to send email to: erlangga.prio@elfabijayautama.com
[2025-09-16 15:07:35] Subject: [Website] Pesan Baru dari Nikita
[2025-09-16 15:07:35] Email sent successfully using mail() to: erlangga.prio@elfabijayautama.com
[2025-09-16 18:51:44] Preparing to send email to: erlangga.prio@elfabijayautama.com
[2025-09-16 18:51:44] Subject: [Website] Pesan Baru dari Nikita
[2025-09-16 18:51:44] Email sent successfully using mail() to: erlangga.prio@elfabijayautama.com
[2025-09-17 00:35:02] Preparing to send email to: erlangga.prio@elfabijayautama.com
[2025-09-17 00:35:02] Subject: [Website] Pesan Baru dari SEO Directory
[2025-09-17 00:35:02] Email sent successfully using mail() to: erlangga.prio@elfabijayautama.com
[2025-09-17 01:52:11] Preparing to send email to: erlangga.prio@elfabijayautama.com
[2025-09-17 01:52:11] Subject: [Website] Pesan Baru dari SEO Directory
[2025-09-17 01:52:12] Email sent successfully using mail() to: erlangga.prio@elfabijayautama.com
[2025-09-17 03:01:49] Preparing to send email to: erlangga.prio@elfabijayautama.com
[2025-09-17 03:01:49] Subject: [Website] Pesan Baru dari SEO Directory
[2025-09-17 03:01:49] Email sent successfully using mail() to: erlangga.prio@elfabijayautama.com
[2025-09-17 03:25:24] Preparing to send email to: erlangga.prio@elfabijayautama.com
[2025-09-17 03:25:24] Subject: [Website] Pesan Baru dari SEO Directory
[2025-09-17 03:25:25] Email sent successfully using mail() to: erlangga.prio@elfabijayautama.com
